[INFO] Scanning for projects...
[INFO] 
[INFO] -------------------------< com.cyb:integraedu >-------------------------
[INFO] Building IntegraEDU 0.0.1-SNAPSHOT
[INFO]   from pom.xml
[INFO] --------------------------------[ jar ]---------------------------------
[INFO] 
[INFO] >>> spring-boot:4.0.3:run (default-cli) > test-compile @ integraedu >>>
[INFO] 
[INFO] --- resources:3.3.1:resources (default-resources) @ integraedu ---
[INFO] Copying 1 resource from src\main\resources to target\classes
[INFO] Copying 9 resources from src\main\resources to target\classes
[INFO] 
[INFO] --- compiler:3.14.1:compile (default-compile) @ integraedu ---
[INFO] Nothing to compile - all classes are up to date.
[INFO] 
[INFO] --- resources:3.3.1:testResources (default-testResources) @ integraedu ---
[INFO] skip non existing resourceDirectory C:\Users\abelm\OneDrive\Documentos\IntegraEDU\src\test\resources
[INFO] 
[INFO] --- compiler:3.14.1:testCompile (default-testCompile) @ integraedu ---
[INFO] Nothing to compile - all classes are up to date.
[INFO] 
[INFO] <<< spring-boot:4.0.3:run (default-cli) < test-compile @ integraedu <<<
[INFO] 
[INFO] 
[INFO] --- spring-boot:4.0.3:run (default-cli) @ integraedu ---
[INFO] Attaching agents: []

  .   ____          _            __ _ _
 /\\ / ___'_ __ _ _(_)_ __  __ _ \ \ \ \
( ( )\___ | '_ | '_| | '_ \/ _` | \ \ \ \
 \\/  ___)| |_)| | | | | || (_| |  ) ) ) )
  '  |____| .__|_| |_|_| |_\__, | / / / /
 =========|_|==============|___/=/_/_/_/

 :: Spring Boot ::                (v4.0.3)

2026-06-13T09:29:03.777-03:00  INFO 22116 --- [IntegraEDU] [           main] c.cyb.integraedu.IntegraEduApplication   : Starting IntegraEduApplication using Java 25 with PID 22116 (C:\Users\abelm\OneDrive\Documentos\IntegraEDU\target\classes started by abelm in C:\Users\abelm\OneDrive\Documentos\IntegraEDU)
2026-06-13T09:29:03.783-03:00  INFO 22116 --- [IntegraEDU] [           main] c.cyb.integraedu.IntegraEduApplication   : No active profile set, falling back to 1 default profile: "default"
2026-06-13T09:29:05.564-03:00  INFO 22116 --- [IntegraEDU] [           main] o.s.boot.tomcat.TomcatWebServer          : Tomcat initialized with port 8081 (http)
2026-06-13T09:29:05.598-03:00  INFO 22116 --- [IntegraEDU] [           main] o.apache.catalina.core.StandardService   : Starting service [Tomcat]
2026-06-13T09:29:05.598-03:00  INFO 22116 --- [IntegraEDU] [           main] o.apache.catalina.core.StandardEngine    : Starting Servlet engine: [Apache Tomcat/11.0.18]
2026-06-13T09:29:05.748-03:00  INFO 22116 --- [IntegraEDU] [           main] b.w.c.s.WebApplicationContextInitializer : Root WebApplicationContext: initialization completed in 1845 ms
2026-06-13T09:29:06.035-03:00  WARN 22116 --- [IntegraEDU] [           main] .s.a.UserDetailsServiceAutoConfiguration : 

Using generated security password: b4a1911f-0476-4a75-bbf2-5be98c763647

This generated password is for development use only. Your security configuration must be updated before running your application in production.

2026-06-13T09:29:06.044-03:00  INFO 22116 --- [IntegraEDU] [           main] r$InitializeUserDetailsManagerConfigurer : Global AuthenticationManager configured with UserDetailsService bean with name inMemoryUserDetailsManager
2026-06-13T09:29:06.311-03:00  INFO 22116 --- [IntegraEDU] [           main] o.s.b.w.a.WelcomePageHandlerMapping      : Adding welcome page template: index
2026-06-13T09:29:06.687-03:00  INFO 22116 --- [IntegraEDU] [           main] o.s.boot.tomcat.TomcatWebServer          : Tomcat started on port 8081 (http) with context path '/'
2026-06-13T09:29:06.693-03:00  INFO 22116 --- [IntegraEDU] [           main] c.cyb.integraedu.IntegraEduApplication   : Started IntegraEduApplication in 3.637 seconds (process running for 4.667)
